Add Component: Footprint Not Found FB 0603
Add Component: Footprint Not Found FB 0603
Added Component: Designator=X1(OSC_X322516MLB4SI)
Add component (AddParameter): Name = "Availability"; Value = "Unavailable"; VariantName = "[No Variations]"
Add component (AddParameter): Name = "Check_prices"; Value = "https://www.snapeda.com/parts/X322516MLB4SI/YXC/view-part/4703090/?ref=eda"; VariantName = "[No Variations]"
Add component (AddParameter): Name = "MF"; Value = "YXC"; VariantName = "[No Variations]"
Add component (AddParameter): Name = "MP"; Value = "X322516MLB4SI"; VariantName = "[No Variations]"
Add component (AddParameter): Name = "Package"; Value = "Package"; VariantName = "[No Variations]"
Add component (AddParameter): Name = "Price"; Value = "None"; VariantName = "[No Variations]"
Add component (AddParameter): Name = "SnapEDA_Link"; Value = "https://www.snapeda.com/parts/X322516MLB4SI/YXC/view-part/4703090/?ref=snap"; VariantName = "[No Variations]"
Add component (AddParameter): Name = "Value"; Value = ""; VariantName = "[No Variations]"
Add Pin To Net: Unknown Pin: Pin F1-1
Add Pin To Net: Unknown Pin: Pin F1-2
Add Pin To Net: Unknown Pin: Pin F2-1
Add Pin To Net: Unknown Pin: Pin F2-2
Added Pin To Net: NetName=NetC6_2 Pin=X1-1
Added Pin To Net: NetName=GND Pin=X1-2
Added Pin To Net: NetName=NetC7_2 Pin=X1-3
Added Pin To Net: NetName=GND Pin=X1-4
Added Member To Class: ClassName=Schematic Member=Component C9 Cap
Add Class Member: Failed to add class member : Component F1 Ferrite Bead
Add Class Member: Failed to add class member : Component F2 Ferrite Bead
Added Member To Class: ClassName=Schematic Member=Component X1 X322516MLB4SI
