Add Component: Footprint Not Found PCBComponent_1
Add Component: Footprint Not Found PCBComponent_1
Add Component: Footprint Not Found PCBComponent_1
Add Component: Footprint Not Found PCBComponent_1
Add Component: Footprint Not Found PCBComponent_1
Add Component: Footprint Not Found PCBComponent_1
Add Component: Footprint Not Found PCBComponent_1
Added Component: Designator=C9(C0805)
Add component (AddParameter): Name = "LatestRevisionDate"; Value = "17-Jul-2002"; VariantName = "[No Variations]"
Add component (AddParameter): Name = "LatestRevisionNote"; Value = "Re-released for DXP Platform."; VariantName = "[No Variations]"
Add component (AddParameter): Name = "PackageDescription"; Value = "Radial Cap, Thru-Hole; 2 Leads; 0.3 in Pin Spacing"; VariantName = "[No Variations]"
Add component (AddParameter): Name = "PackageReference"; Value = "RAD-0.3"; VariantName = "[No Variations]"
Add component (AddParameter): Name = "Published"; Value = "8-Jun-2000"; VariantName = "[No Variations]"
Add component (AddParameter): Name = "Publisher"; Value = "Altium Limited"; VariantName = "[No Variations]"
Add component (AddParameter): Name = "Value"; Value = "100nF"; VariantName = "[No Variations]"
Add Component: Footprint Not Found FB 0603
Add Component: Footprint Not Found FB 0603
Add Component: Footprint Not Found PCBComponent_1
Add Component: Footprint Not Found OSC_X322516MLB4SI
Add Pin To Net: Unknown Pin: Pin C1-1
Add Pin To Net: Unknown Pin: Pin C1-2
Add Pin To Net: Unknown Pin: Pin C2-1
Add Pin To Net: Unknown Pin: Pin C2-2
Add Pin To Net: Unknown Pin: Pin C3-1
Add Pin To Net: Unknown Pin: Pin C3-2
Add Pin To Net: Unknown Pin: Pin C5-1
Add Pin To Net: Unknown Pin: Pin C5-2
Add Pin To Net: Unknown Pin: Pin C6-1
Add Pin To Net: Unknown Pin: Pin C6-2
Add Pin To Net: Unknown Pin: Pin C7-1
Add Pin To Net: Unknown Pin: Pin C7-2
Add Pin To Net: Unknown Pin: Pin C8-1
Add Pin To Net: Unknown Pin: Pin C8-2
Added Pin To Net: NetName=GND Pin=C9-1
Added Pin To Net: NetName=3V3 Pin=C9-2
Add Pin To Net: Unknown Pin: Pin F1-1
Add Pin To Net: Unknown Pin: Pin F1-2
Add Pin To Net: Unknown Pin: Pin F2-1
Add Pin To Net: Unknown Pin: Pin F2-2
Add Pin To Net: Unknown Pin: Pin RST1-1
Add Pin To Net: Unknown Pin: Pin RST1-2
Add Pin To Net: Unknown Pin: Pin X1-1
Add Pin To Net: Unknown Pin: Pin X1-2
Add Pin To Net: Unknown Pin: Pin X1-3
Add Pin To Net: Unknown Pin: Pin X1-4
Add Class Member: Failed to add class member : Component C1 Cap
Add Class Member: Failed to add class member : Component C2 Cap
Add Class Member: Failed to add class member : Component C3 Cap
Add Class Member: Failed to add class member : Component C5 Cap
Add Class Member: Failed to add class member : Component C6 Cap
Add Class Member: Failed to add class member : Component C7 Cap
Add Class Member: Failed to add class member : Component C8 Cap
Added Member To Class: ClassName=Schematic Member=Component C9 Cap
Add Class Member: Failed to add class member : Component F1 Ferrite Bead
Add Class Member: Failed to add class member : Component F2 Ferrite Bead
Add Class Member: Failed to add class member : Component RST1 Push Button Smd1
Add Class Member: Failed to add class member : Component X1 X322516MLB4SI
