Removed Pin From Net: NetName=NetC35_1 Pin=C36-1
Removed Pin From Net: NetName=5V Pin=D1-C
Removed Pin From Net: NetName=5V Pin=D2-C
Removed Pin From Net: NetName=5V Pin=R15-2
Removed Pin From Net: NetName=SAI_SD_B Pin=U1-24
Removed Pin From Net: NetName=NetC35_1 Pin=U2-49
Removed Pin From Net: NetName=12V Pin=U14-2
Removed Pin From Net: NetName=12V Pin=U15-2
Change Component Footprint: Designator=C37 Old Footprint=C0805 New Footprint=C1206
Change Component Footprint: Designator=C38 Old Footprint=C0805 New Footprint=C1206
Change Component Footprint: Designator=C40 Old Footprint=C0805 New Footprint=C1206
Change Component Footprint: Designator=C41 Old Footprint=C0805 New Footprint=C1206
Added Component: Designator=C56(C0805)
Add component (AddParameter): Name = "ComponentLink1Description"; Value = "Manufacturer Link"; VariantName = "[No Variations]"
Add component (AddParameter): Name = "ComponentLink1URL"; Value = "http://www.kemet.com/"; VariantName = "[No Variations]"
Add component (AddParameter): Name = "ComponentLink2Description"; Value = "Datasheet"; VariantName = "[No Variations]"
Add component (AddParameter): Name = "ComponentLink2URL"; Value = "http://www.kemet.com/kemet/web/homepage/kechome.nsf/vapubfilesname/F3102TA.pdf/$file/F3102TA.pdf"; VariantName = "[No Variations]"
Add component (AddParameter): Name = "PackageReference"; Value = "0603 [1608]"; VariantName = "[No Variations]"
Add component (AddParameter): Name = "Value"; Value = "100nF"; VariantName = "[No Variations]"
Added Component: Designator=C66(C_TN_3528)
Add component (AddParameter): Name = "ASSEMBLY"; Value = ""; VariantName = "[No Variations]"
Add component (AddParameter): Name = "DESC"; Value = ""; VariantName = "[No Variations]"
Add component (AddParameter): Name = "DIST#"; Value = ""; VariantName = "[No Variations]"
Add component (AddParameter): Name = "MANF"; Value = ""; VariantName = "[No Variations]"
Add component (AddParameter): Name = "MANF_P#"; Value = ""; VariantName = "[No Variations]"
Add component (AddParameter): Name = "PARAM"; Value = "25V"; VariantName = "[No Variations]"
Add component (AddParameter): Name = "PARAM2"; Value = ""; VariantName = "[No Variations]"
Add component (AddParameter): Name = "PRICE"; Value = ""; VariantName = "[No Variations]"
Add component (AddParameter): Name = "VALUE"; Value = "100UF"; VariantName = "[No Variations]"
Added Component: Designator=R18(0402RM)
Add component (AddParameter): Name = "Code_IPC"; Value = "2012 [0805]"; VariantName = "[No Variations]"
Add component (AddParameter): Name = "ComponentLink1Description"; Value = "Manufacturer Link"; VariantName = "[No Variations]"
Add component (AddParameter): Name = "ComponentLink1URL"; Value = "http://www.panasonic.com/industrial/components/resistive_products.htm"; VariantName = "[No Variations]"
Add component (AddParameter): Name = "ComponentLink2Description"; Value = "Datasheet"; VariantName = "[No Variations]"
Add component (AddParameter): Name = "ComponentLink2URL"; Value = "http://www.panasonic.com/industrial/components/pdf/AOF0000CE1.pdf"; VariantName = "[No Variations]"
Add component (AddParameter): Name = "LatestRevisionDate"; Value = "19-Mar-2004"; VariantName = "[No Variations]"
Add component (AddParameter): Name = "LatestRevisionNote"; Value = "Silkscreen size reduced."; VariantName = "[No Variations]"
Add component (AddParameter): Name = "Note"; Value = "If flow soldering, adjust pad width of PCB Footprint to 0.7 - 0.8 times the width of the resistor."; VariantName = "[No Variations]"
Add component (AddParameter): Name = "PackageDocument"; Value = "Mar-2003"; VariantName = "[No Variations]"
Add component (AddParameter): Name = "PackageReference"; Value = "ERA-0805"; VariantName = "[No Variations]"
Add component (AddParameter): Name = "Published"; Value = "17-Dec-2003"; VariantName = "[No Variations]"
Add component (AddParameter): Name = "Publisher"; Value = "Altium Limited"; VariantName = "[No Variations]"
Add component (AddParameter): Name = "value"; Value = "10K"; VariantName = "[No Variations]"
Added Component: Designator=U10(SON50P300X300X80-9N)
Add component (AddParameter): Name = "Availability"; Value = "Unavailable"; VariantName = "[No Variations]"
Add component (AddParameter): Name = "MF"; Value = "{'manufacturer': u'Analog Devices Inc.'}"; VariantName = "[No Variations]"
Add component (AddParameter): Name = "MP"; Value = "ADM7170ACPZ-5.0-R7"; VariantName = "[No Variations]"
Add component (AddParameter): Name = "Package"; Value = "None"; VariantName = "[No Variations]"
Add component (AddParameter): Name = "Price"; Value = "None"; VariantName = "[No Variations]"
Add component (AddParameter): Name = "Value"; Value = ""; VariantName = "[No Variations]"
Added Pin To Net: NetName=3V3 Pin=C3-1
Added Pin To Net: NetName=3V3 Pin=C4-2
Added Pin To Net: NetName=GND Pin=C56-1
Added Pin To Net: NetName=5V Pin=C56-2
Added Pin To Net: NetName=5V Pin=C66-1
Added Pin To Net: NetName=GND Pin=C66-2
Added Pin To Net: NetName=GND Pin=R18-1
Added Pin To Net: NetName=NRST Pin=R18-2
Added Pin To Net: NetName=3V3 Pin=U1-6
Added Pin To Net: NetName=SAI_SD_B Pin=U1-26
Added Pin To Net: NetName=3V3 Pin=U1-43
Added Pin To Net: NetName=5V Pin=U10-1
Added Pin To Net: NetName=5V Pin=U10-2
Added Pin To Net: NetName=5V Pin=U10-3
Added Pin To Net: NetName=GND Pin=U10-6
Added Pin To Net: NetName=5V Pin=U10-7
Added Pin To Net: NetName=5V Pin=U10-8
Added Pin To Net: NetName=GND Pin=U10-9
Added Pin To Net: NetName=24V Pin=U15-2
Change Net Name : Old Net Name=NetR4_2 New Net Name=ADC_RESET
Added Pin To Net: NetName=5V5 Pin=U10-5
Added Net: Name=5V5
Added Pin To Net: NetName=5VO Pin=D1-C
Added Pin To Net: NetName=5VO Pin=D2-C
Added Pin To Net: NetName=5VO Pin=R15-2
Added Net: Name=5VO
Added Pin To Net: NetName=24 Pin=U14-2
Added Net: Name=24
Added Pin To Net: NetName=ADC-RESET Pin=U2-16
Added Net: Name=ADC-RESET
Added Pin To Net: NetName=NetC36_1 Pin=C36-1
Added Pin To Net: NetName=NetC36_1 Pin=U2-49
Added Net: Name=NetC36_1
Added Member To Class: ClassName=Schematic Member=Component C56 100nF
Added Member To Class: ClassName=Schematic Member=Component C66 100UF
Added Member To Class: ClassName=Schematic Member=Component R18 10K
Added Member To Class: ClassName=Schematic Member=Component U10 ADM7170ACPZ-5.0-R7
