Removed Pin From Net: NetName=3V3 Pin=H1-1
Removed Pin From Net: NetName=UART_RX Pin=H1-2
Removed Pin From Net: NetName=UART_TX Pin=H1-3
Removed Pin From Net: NetName=GND Pin=H1-4
Removed Pin From Net: NetName=422T+ Pin=H1-5
Removed Pin From Net: NetName=422T- Pin=H1-6
Removed Pin From Net: NetName=422R- Pin=H1-7
Removed Pin From Net: NetName=422R+ Pin=H1-8
Removed Pin From Net: NetName=5V-USB Pin=U2-67
Removed Member From Class: ClassName=Schematic Member=H1
Added Component: Designator=R?(6-0805_N)
Add component (AddParameter): Name = "LatestRevisionDate"; Value = "17-Jul-2002"; VariantName = "[No Variations]"
Add component (AddParameter): Name = "LatestRevisionNote"; Value = "Re-released for DXP Platform."; VariantName = "[No Variations]"
Add component (AddParameter): Name = "PackageDescription"; Value = "Axial Device, Thru-Hole; 2 Leads; 0.3 in Pin Spacing"; VariantName = "[No Variations]"
Add component (AddParameter): Name = "PackageReference"; Value = "AXIAL-0.3"; VariantName = "[No Variations]"
Add component (AddParameter): Name = "Published"; Value = "8-Jun-2000"; VariantName = "[No Variations]"
Add component (AddParameter): Name = "Publisher"; Value = "Altium Limited"; VariantName = "[No Variations]"
Add component (AddParameter): Name = "Value"; Value = "10K"; VariantName = "[No Variations]"
Added Component: Designator=R?(6-0805_N)
Add component (AddParameter): Name = "LatestRevisionDate"; Value = "17-Jul-2002"; VariantName = "[No Variations]"
Add component (AddParameter): Name = "LatestRevisionNote"; Value = "Re-released for DXP Platform."; VariantName = "[No Variations]"
Add component (AddParameter): Name = "PackageDescription"; Value = "Axial Device, Thru-Hole; 2 Leads; 0.3 in Pin Spacing"; VariantName = "[No Variations]"
Add component (AddParameter): Name = "PackageReference"; Value = "AXIAL-0.3"; VariantName = "[No Variations]"
Add component (AddParameter): Name = "Published"; Value = "8-Jun-2000"; VariantName = "[No Variations]"
Add component (AddParameter): Name = "Publisher"; Value = "Altium Limited"; VariantName = "[No Variations]"
Add component (AddParameter): Name = "Value"; Value = "10K"; VariantName = "[No Variations]"
Add Component: Footprint Not Found 21-0041B_8
Added Pin To Net: NetName=GND Pin=R?-1
Added Pin To Net: NetName=5V-USB Pin=R?-2
Add Pin To Net: Unknown Pin: Pin U?-1
Add Pin To Net: Unknown Pin: Pin U?-2
Add Pin To Net: Unknown Pin: Pin U?-3
Add Pin To Net: Unknown Pin: Pin U?-4
Add Pin To Net: Unknown Pin: Pin U?-5
Add Pin To Net: Unknown Pin: Pin U?-6
Add Pin To Net: Unknown Pin: Pin U?-7
Add Pin To Net: Unknown Pin: Pin U?-8
Added Pin To Net: NetName=V-USB Pin=R?-1
Added Pin To Net: NetName=V-USB Pin=R?-2
Added Pin To Net: NetName=V-USB Pin=U2-67
Added Net: Name=V-USB
Added Member To Class: ClassName=Schematic Member=Component R? Res1
Added Member To Class: ClassName=Schematic Member=Component R? Res1
Add Class Member: Failed to add class member : Component U? MAX3490EESAGH9-T
