Change Component Description : Designator=U11 Old Description=–£—Å–∏–ª–∏—Ç–µ–ª—å –∏–Ω—Å—Ç—Ä—É–º–µ–Ω—Ç–æ–≤–∫–∏ 1 – New Description=–£—Å–∏–ª–∏—Ç–µ–ª—å –∏–Ω—Å—Ç—Ä—É–º–µ–Ω—Ç–æ–≤–∫–∏ 1 –|–µ–ø—å Rail-to-Rail 8-MSOP
Change Component Description : Designator=U12 Old Description=–£—Å–∏–ª–∏—Ç–µ–ª—å –∏–Ω—Å—Ç—Ä—É–º–µ–Ω—Ç–æ–≤–∫–∏ 1 – New Description=–£—Å–∏–ª–∏—Ç–µ–ª—å –∏–Ω—Å—Ç—Ä—É–º–µ–Ω—Ç–æ–≤–∫–∏ 1 –|–µ–ø—å Rail-to-Rail 8-MSOP
Change Component Description : Designator=U14 Old Description=–£—Å–∏–ª–∏—Ç–µ–ª—å –∏–Ω—Å—Ç—Ä—É–º–µ–Ω—Ç–æ–≤–∫–∏ 1 – New Description=–£—Å–∏–ª–∏—Ç–µ–ª—å –∏–Ω—Å—Ç—Ä—É–º–µ–Ω—Ç–æ–≤–∫–∏ 1 –|–µ–ø—å Rail-to-Rail 8-MSOP
Added Component: Designator=L1(IND_7045_TDK)
Add component (AddParameter): Name = "Copyright"; Value = "Copyright (C) 2022 Ultra Librarian. All rights reserved."; VariantName = "[No Variations]"
Add component (AddParameter): Name = "Manufacturer_Part_Number"; Value = "SLF7045T-150M1R1-PF"; VariantName = "[No Variations]"
Add component (AddParameter): Name = "Mfr_Name"; Value = "TDK"; VariantName = "[No Variations]"
Add component (AddParameter): Name = "RefDes"; Value = ""; VariantName = "[No Variations]"
Add component (AddParameter): Name = "Type"; Value = ""; VariantName = "[No Variations]"
Added Component: Designator=P2(1x5 2mm-No3D)
Added Component: Designator=RST1(PCBComponent_1)
Added Component: Designator=tan1(C_TN_3528)
Added Component: Designator=U1(ADA4807-4ARUZ_ADI)
Add component (AddParameter): Name = "Copyright"; Value = "Copyright (C) 2023 Ultra Librarian. All rights reserved."; VariantName = "[No Variations]"
Add component (AddParameter): Name = "Manufacturer_Part_Number"; Value = "ADA4807-4ARUZ"; VariantName = "[No Variations]"
Add component (AddParameter): Name = "Mfr_Name"; Value = "Analog Devices Inc"; VariantName = "[No Variations]"
Add component (AddParameter): Name = "RefDes"; Value = "RefDes"; VariantName = "[No Variations]"
Add component (AddParameter): Name = "Type"; Value = "DEV"; VariantName = "[No Variations]"
Added Component: Designator=U2(PCBComponent_1 - duplicate1)
Add component (AddParameter): Name = "Manufacturer Name"; Value = "Texas Instruments"; VariantName = "[No Variations]"
Add component (AddParameter): Name = "Manufacturer Part Number"; Value = "LMR23630ADDAR"; VariantName = "[No Variations]"
Add component (AddParameter): Name = "PackageReference"; Value = "LMR23610ADDAR"; VariantName = "[No Variations]"
Add component (AddParameter): Name = "Value"; Value = "N/A"; VariantName = "[No Variations]"
Added Component: Designator=U3(PCBComponent_1)
Add component (AddParameter): Name = "Code_IPC"; Value = "SOP65P780-16"; VariantName = "[No Variations]"
Add component (AddParameter): Name = "Code_JEDEC"; Value = "MO-150-AC"; VariantName = "[No Variations]"
Add component (AddParameter): Name = "ComponentLink1Description"; Value = "Manufacturer Link"; VariantName = "[No Variations]"
Add component (AddParameter): Name = "ComponentLink1URL"; Value = "http://www.maxim-ic.com/"; VariantName = "[No Variations]"
Add component (AddParameter): Name = "ComponentLink2Description"; Value = "Datasheet"; VariantName = "[No Variations]"
Add component (AddParameter): Name = "ComponentLink2URL"; Value = "http://pdfserv.maxim-ic.com/en/ds/MAX3221E-MAX3243E.pdf"; VariantName = "[No Variations]"
Add component (AddParameter): Name = "DatasheetVersion"; Value = "Jan-1998"; VariantName = "[No Variations]"
Add component (AddParameter): Name = "LatestRevisionDate"; Value = "29-May-2009"; VariantName = "[No Variations]"
Add component (AddParameter): Name = "LatestRevisionNote"; Value = "IPC-7351 Footprint Added."; VariantName = "[No Variations]"
Add component (AddParameter): Name = "PackageDescription"; Value = "16-Pin Small Outline Package 0.65 mm Pitch"; VariantName = "[No Variations]"
Add component (AddParameter): Name = "PackageReference"; Value = "SSOP16"; VariantName = "[No Variations]"
Add component (AddParameter): Name = "PackageVersion"; Value = "1996"; VariantName = "[No Variations]"
Add component (AddParameter): Name = "Published"; Value = "16-Jan-2001"; VariantName = "[No Variations]"
Add component (AddParameter): Name = "Publisher"; Value = "Altium Limited"; VariantName = "[No Variations]"
Added Component: Designator=U5(ST_64_2_ADI)
Add component (AddParameter): Name = "Copyright"; Value = "Copyright (C) 2023 Ultra Librarian. All rights reserved."; VariantName = "[No Variations]"
Add component (AddParameter): Name = "Manufacturer_Part_Number"; Value = "AD7768-4BSTZ"; VariantName = "[No Variations]"
Add component (AddParameter): Name = "Mfr_Name"; Value = "Analog Devices Inc"; VariantName = "[No Variations]"
Add component (AddParameter): Name = "RefDes"; Value = "RefDes"; VariantName = "[No Variations]"
Add component (AddParameter): Name = "Type"; Value = "DEV"; VariantName = "[No Variations]"
Added Component: Designator=U6(SC70 6L)
Add component (AddParameter): Name = "Code_IPC"; Value = "SOIC127P600-8"; VariantName = "[No Variations]"
Add component (AddParameter): Name = "Code_JEDEC"; Value = "MS-012-AA"; VariantName = "[No Variations]"
Add component (AddParameter): Name = "ComponentLink1Description"; Value = "Manufacturer Link"; VariantName = "[No Variations]"
Add component (AddParameter): Name = "ComponentLink1URL"; Value = "http://www.analog.com/en/prod/0%2C2877%2CREF01%2C00.html"; VariantName = "[No Variations]"
Add component (AddParameter): Name = "ComponentLink2Description"; Value = "Datasheet"; VariantName = "[No Variations]"
Add component (AddParameter): Name = "ComponentLink2URL"; Value = "http://www.analog.com/UploadedFiles/Data_Sheets/400769540REF01_g.pdf"; VariantName = "[No Variations]"
Add component (AddParameter): Name = "DatasheetVersion"; Value = "REV. B 1992"; VariantName = "[No Variations]"
Add component (AddParameter): Name = "LatestRevisionDate"; Value = "13-Apr-2006"; VariantName = "[No Variations]"
Add component (AddParameter): Name = "LatestRevisionNote"; Value = "IPC-7351 Footprint Added."; VariantName = "[No Variations]"
Add component (AddParameter): Name = "Note"; Value = "Pins 1, 3, 7 and 8 are not connected; Pin 4 is connected to case"; VariantName = "[No Variations]"
Add component (AddParameter): Name = "PackageDescription"; Value = "8-Pin Small Outline Integrated Circuit 1.27 mm Pitch"; VariantName = "[No Variations]"
Add component (AddParameter): Name = "PackageReference"; Value = "SO-8"; VariantName = "[No Variations]"
Add component (AddParameter): Name = "PackageVersion"; Value = "revA"; VariantName = "[No Variations]"
Add component (AddParameter): Name = "Published"; Value = "8-Jun-2000"; VariantName = "[No Variations]"
Add component (AddParameter): Name = "Publisher"; Value = "Altium Limited"; VariantName = "[No Variations]"
Added Component: Designator=USB1(USB4105_GCT)
Add component (AddParameter): Name = "Copyright"; Value = "Copyright (C) 2023 Ultra Librarian. All rights reserved."; VariantName = "[No Variations]"
Add component (AddParameter): Name = "Manufacturer_Part_Number"; Value = "USB4105-GF-A"; VariantName = "[No Variations]"
Add component (AddParameter): Name = "Mfr_Name"; Value = "Global Connector Technology"; VariantName = "[No Variations]"
Add component (AddParameter): Name = "RefDes"; Value = "RefDes"; VariantName = "[No Variations]"
Add component (AddParameter): Name = "Type"; Value = "DEV"; VariantName = "[No Variations]"
Add Pin To Net: Unknown Pin: Pin D1-1
Add Pin To Net: Unknown Pin: Pin D1-2
Add Pin To Net: Unknown Pin: Pin D2-1
Add Pin To Net: Unknown Pin: Pin D2-2
Added Pin To Net: NetName=NetC13_1 Pin=L1-1
Added Pin To Net: NetName=5V-SWITCHING Pin=L1-2
Added Pin To Net: NetName=3V3 Pin=P2-1
Added Pin To Net: NetName=SWDIO Pin=P2-2
Added Pin To Net: NetName=SWCLK Pin=P2-3
Added Pin To Net: NetName=GND Pin=P2-4
Added Pin To Net: NetName=NRST Pin=P2-5
Added Pin To Net: NetName=GND Pin=RST1-1
Added Pin To Net: NetName=NRST Pin=RST1-2
Added Pin To Net: NetName=5V-SWITCHING Pin=tan1-1
Added Pin To Net: NetName=GND Pin=tan1-2
Added Pin To Net: NetName=OUTP1 Pin=U1-1
Added Pin To Net: NetName=NetR2_1 Pin=U1-2
Added Pin To Net: NetName=NetSN_2 Pin=U1-3
Added Pin To Net: NetName=5V Pin=U1-4
Added Pin To Net: NetName=NetSN_4 Pin=U1-5
Added Pin To Net: NetName=NetR21_1 Pin=U1-6
Added Pin To Net: NetName=OUTN1 Pin=U1-7
Added Pin To Net: NetName=GND Pin=U1-11
Added Pin To Net: NetName=NetC13_1 Pin=U2-1
Added Pin To Net: NetName=NetC13_2 Pin=U2-2
Added Pin To Net: NetName=NetC12_2 Pin=U2-3
Added Pin To Net: NetName=Vfb1 Pin=U2-4
Added Pin To Net: NetName=12V Pin=U2-5
Added Pin To Net: NetName=GND Pin=U2-6
Added Pin To Net: NetName=12V Pin=U2-7
Added Pin To Net: NetName=GND Pin=U2-8
Added Pin To Net: NetName=GND Pin=U2-9
Added Pin To Net: NetName=GND Pin=U3-1
Added Pin To Net: NetName=NetCF3_1 Pin=U3-2
Added Pin To Net: NetName=NetCF2_2 Pin=U3-3
Added Pin To Net: NetName=NetCF3_2 Pin=U3-4
Added Pin To Net: NetName=NetCF4_1 Pin=U3-5
Added Pin To Net: NetName=NetCF4_2 Pin=U3-6
Added Pin To Net: NetName=NetCF5_2 Pin=U3-7
Added Pin To Net: NetName=232RX Pin=U3-8
Added Pin To Net: NetName=UART_RX Pin=U3-9
Added Pin To Net: NetName=UART_TX Pin=U3-11
Added Pin To Net: NetName=3V3 Pin=U3-12
Added Pin To Net: NetName=232TX Pin=U3-13
Added Pin To Net: NetName=GND Pin=U3-14
Added Pin To Net: NetName=3V3 Pin=U3-15
Added Pin To Net: NetName=3V3 Pin=U3-16
Added Pin To Net: NetName=GND Pin=U5-1
Added Pin To Net: NetName=OUT2 Pin=U5-2
Added Pin To Net: NetName=GND Pin=U5-3
Added Pin To Net: NetName=5V Pin=U5-4
Added Pin To Net: NetName=GND Pin=U5-5
Added Pin To Net: NetName=VREFA Pin=U5-6
Added Pin To Net: NetName=GND Pin=U5-7
Added Pin To Net: NetName=GND Pin=U5-8
Added Pin To Net: NetName=GND Pin=U5-9
Added Pin To Net: NetName=GND Pin=U5-10
Added Pin To Net: NetName=NetR12_1 Pin=U5-11
Added Pin To Net: NetName=AD7768_CS Pin=U5-16
Added Pin To Net: NetName=SPI_CLK Pin=U5-17
Added Pin To Net: NetName=SPI_MOSI Pin=U5-18
Added Pin To Net: NetName=SPI_MISO Pin=U5-19
Added Pin To Net: NetName=NetR16_2 Pin=U5-20
Added Pin To Net: NetName=SAI_SD_B Pin=U5-24
Added Pin To Net: NetName=SAI_SD_A Pin=U5-27
Added Pin To Net: NetName=SAI_SCK_A Pin=U5-28
Added Pin To Net: NetName=SAI_FS_A Pin=U5-29
Added Pin To Net: NetName=NetR13_2 Pin=U5-30
Added Pin To Net: NetName=NetC31_2 Pin=U5-31
Added Pin To Net: NetName=NetC30_2 Pin=U5-32
Added Pin To Net: NetName=GND Pin=U5-33
Added Pin To Net: NetName=NetC32_2 Pin=U5-34
Added Pin To Net: NetName=3V3 Pin=U5-35
Added Pin To Net: NetName=NetU5_36 Pin=U5-36
Added Pin To Net: NetName=NetR15_1 Pin=U5-37
Added Pin To Net: NetName=NetU5_36 Pin=U5-38
Added Pin To Net: NetName=GND Pin=U5-39
Added Pin To Net: NetName=GND Pin=U5-40
Added Pin To Net: NetName=GND Pin=U5-41
Added Pin To Net: NetName=GND Pin=U5-42
Added Pin To Net: NetName=VREFA Pin=U5-43
Added Pin To Net: NetName=GND Pin=U5-44
Added Pin To Net: NetName=5V Pin=U5-45
Added Pin To Net: NetName=GND Pin=U5-46
Added Pin To Net: NetName=GND Pin=U5-47
Added Pin To Net: NetName=GND Pin=U5-48
Added Pin To Net: NetName=OUT3 Pin=U5-49
Added Pin To Net: NetName=GND Pin=U5-50
Added Pin To Net: NetName=GND Pin=U5-51
Added Pin To Net: NetName=NetC27_2 Pin=U5-52
Added Pin To Net: NetName=VCCA Pin=U5-53
Added Pin To Net: NetName=GND Pin=U5-54
Added Pin To Net: NetName=GND Pin=U5-55
Added Pin To Net: NetName=GND Pin=U5-56
Added Pin To Net: NetName=3V3 Pin=U5-57
Added Pin To Net: NetName=NetR14_2 Pin=U5-58
Added Pin To Net: NetName=VCCA Pin=U5-60
Added Pin To Net: NetName=NetC24_2 Pin=U5-61
Added Pin To Net: NetName=GND Pin=U5-62
Added Pin To Net: NetName=GND Pin=U5-63
Added Pin To Net: NetName=OUT1 Pin=U5-64
Added Pin To Net: NetName=USB_DP Pin=U6-1
Added Pin To Net: NetName=GND Pin=U6-2
Added Pin To Net: NetName=USB_DM Pin=U6-3
Added Pin To Net: NetName=D_N Pin=U6-4
Added Pin To Net: NetName=USB_VCC Pin=U6-5
Added Pin To Net: NetName=D_P Pin=U6-6
Added Pin To Net: NetName=GND Pin=USB1-A1-B12
Added Pin To Net: NetName=5V-USB Pin=USB1-A4-B9
Added Pin To Net: NetName=USB_ID Pin=USB1-A5
Added Pin To Net: NetName=D_P Pin=USB1-A6
Added Pin To Net: NetName=D_N Pin=USB1-A7
Added Pin To Net: NetName=GND Pin=USB1-B1-A12
Added Pin To Net: NetName=5V-USB Pin=USB1-B4-A9
Added Pin To Net: NetName=USB_ID Pin=USB1-B5
Added Pin To Net: NetName=D_P Pin=USB1-B6
Added Pin To Net: NetName=D_N Pin=USB1-B7
Added Pin To Net: NetName=GND Pin=USB1-shld
Added Pin To Net: NetName=GND Pin=USB1-shld
Added Pin To Net: NetName=GND Pin=USB1-shld
Added Pin To Net: NetName=GND Pin=USB1-shld
Add Class Member: Failed to add class member : Component D1 Diode
Add Class Member: Failed to add class member : Component D2 Diode
Added Member To Class: ClassName=Schematic Member=Component L1 SLF7045T-150M1R1-PF
Added Member To Class: ClassName=Schematic Member=Component P2 1x5 2mm
Added Member To Class: ClassName=Schematic Member=Component RST1 Push Button Smd1
Added Member To Class: ClassName=Schematic Member=Component tan1 Component_1
Added Member To Class: ClassName=Schematic Member=Component U1 OPA4387PWT
Added Member To Class: ClassName=Schematic Member=Component U2 LMR23630ADDAR
Added Member To Class: ClassName=Schematic Member=Component U3 MAX3221ECAE
Added Member To Class: ClassName=Schematic Member=Component U5 AD7768-4BSTZ
Added Member To Class: ClassName=Schematic Member=Component U6 NUF2221
Added Member To Class: ClassName=Schematic Member=Component USB1 USB4105-GF-A
