Removed Pin From Net: NetName=5V Pin=C48-1
Removed Pin From Net: NetName=5V Pin=C51-1
Removed Pin From Net: NetName=GND Pin=C51-2
Removed Pin From Net: NetName=5V Pin=C52-1
Removed Pin From Net: NetName=GND Pin=C52-2
Removed Pin From Net: NetName=5V Pin=C59-1
Removed Pin From Net: NetName=12V Pin=P1-1
Removed Pin From Net: NetName=5V Pin=U8-8
Removed Pin From Net: NetName=5V Pin=U13-8
Removed Pin From Net: NetName=5V Pin=U14-8
Removed Member From Class: ClassName=Schematic Member=C51
Removed Member From Class: ClassName=Schematic Member=C52
Change component parameters: Designator = "C48" ("C48"); Footprint = "C0805"; UniqueID = "\LDZWOFNB" ("\LDZWOFNB")
Change component parameters (AddParameter): Name = "LatestRevisionDate"; Value = "17-Jul-2002"; VariantName = "[No Variations]"
Change component parameters (AddParameter): Name = "LatestRevisionNote"; Value = "Re-released for DXP Platform."; VariantName = "[No Variations]"
Change component parameters (AddParameter): Name = "PackageDescription"; Value = "Radial Cap, Thru-Hole; 2 Leads; 0.3 in Pin Spacing"; VariantName = "[No Variations]"
Change component parameters (AddParameter): Name = "PackageReference"; Value = "RAD-0.3"; VariantName = "[No Variations]"
Change component parameters (AddParameter): Name = "Published"; Value = "8-Jun-2000"; VariantName = "[No Variations]"
Change component parameters (AddParameter): Name = "Publisher"; Value = "Altium Limited"; VariantName = "[No Variations]"
Change component parameters (AddParameter): Name = "Value"; Value = "10uF"; VariantName = "[No Variations]"
Added Component: Designator=C67(C0805)
Add component (AddParameter): Name = "LatestRevisionDate"; Value = "17-Jul-2002"; VariantName = "[No Variations]"
Add component (AddParameter): Name = "LatestRevisionNote"; Value = "Re-released for DXP Platform."; VariantName = "[No Variations]"
Add component (AddParameter): Name = "PackageDescription"; Value = "Radial Cap, Thru-Hole; 2 Leads; 0.3 in Pin Spacing"; VariantName = "[No Variations]"
Add component (AddParameter): Name = "PackageReference"; Value = "RAD-0.3"; VariantName = "[No Variations]"
Add component (AddParameter): Name = "Published"; Value = "8-Jun-2000"; VariantName = "[No Variations]"
Add component (AddParameter): Name = "Publisher"; Value = "Altium Limited"; VariantName = "[No Variations]"
Add component (AddParameter): Name = "Value"; Value = "100nF"; VariantName = "[No Variations]"
Added Pin To Net: NetName=3V3 Pin=C7-1
Added Pin To Net: NetName=3V3 Pin=C8-1
Added Pin To Net: NetName=12V Pin=C48-1
Added Pin To Net: NetName=12V Pin=C59-1
Added Pin To Net: NetName=12V Pin=C67-1
Added Pin To Net: NetName=GND Pin=C67-2
Added Pin To Net: NetName=24V Pin=P1-1
Added Pin To Net: NetName=3V3 Pin=U1-53
Added Pin To Net: NetName=3V3 Pin=U1-60
Added Pin To Net: NetName=12V Pin=U8-8
Added Pin To Net: NetName=12V Pin=U13-8
Added Pin To Net: NetName=12V Pin=U14-8
Added Member To Class: ClassName=Schematic Member=Component C67 Cap
