Removed Pin From Net: NetName=NetC13_1 Pin=U2-1
Removed Pin From Net: NetName=Vfb1 Pin=U2-4
Removed Pin From Net: NetName=GND Pin=U2-6
Removed Pin From Net: NetName=GND Pin=U2-8
Removed Pin From Net: NetName=GND Pin=U2-9
Change Component Footprint: Designator=C11 Old Footprint=C0805 New Footprint=6-0805_N
Change Component Footprint: Designator=C12 Old Footprint=C0805 New Footprint=6-0805_N
Change Component Footprint: Designator=C13 Old Footprint=C0805 New Footprint=6-0805_N
Change Component Footprint: Designator=C14 Old Footprint=C0805 New Footprint=6-0805_N
Change Component Footprint: Designator=C15 Old Footprint=C0805 New Footprint=6-0805_N
Change Component Footprint: Designator=C16 Old Footprint=C0805 New Footprint=6-0805_N
Change Component Footprint: Designator=C17 Old Footprint=C0805 New Footprint=6-0805_N
Change Component Footprint: Designator=C18 Old Footprint=C0805 New Footprint=6-0805_N
Change Component Footprint: Designator=C36 Old Footprint=C0805 New Footprint=6-0805_N
Change Component Footprint: Designator=C37 Old Footprint=C0805 New Footprint=6-0805_N
Change Component Footprint: Designator=C38 Old Footprint=C0805 New Footprint=6-0805_N
Change Component Footprint: Designator=C39 Old Footprint=C0805 New Footprint=6-0805_N
Change Component Footprint: Designator=C40 Old Footprint=C0805 New Footprint=6-0805_N
Change Component Footprint: Designator=C41 Old Footprint=C0805 New Footprint=6-0805_N
Change Component Footprint: Designator=C42 Old Footprint=C0805 New Footprint=6-0805_N
Change Component Footprint: Designator=C23 Old Footprint=C0805 New Footprint=C0402E
Change Component Footprint: Designator=C22 Old Footprint=C0805 New Footprint=C0603O
Change Component Footprint: Designator=R6 Old Footprint=R SMD 0805 New Footprint=6-0805_N
Added Component: Designator=D1(DIOM7959X265N)
Add component (AddParameter): Name = "Check_prices"; Value = "https://www.snapeda.com/parts/SS34/Onsemi/view-part/?ref=eda"; VariantName = "[No Variations]"
Add component (AddParameter): Name = "MF"; Value = "onsemi"; VariantName = "[No Variations]"
Add component (AddParameter): Name = "MP"; Value = "SS34"; VariantName = "[No Variations]"
Add component (AddParameter): Name = "Package"; Value = "SMC-2 ON Semiconductor"; VariantName = "[No Variations]"
Add component (AddParameter): Name = "SnapEDA_Link"; Value = "https://www.snapeda.com/parts/SS34/Onsemi/view-part/?ref=snap"; VariantName = "[No Variations]"
Add component (AddParameter): Name = "Value"; Value = ""; VariantName = "[No Variations]"
Added Component: Designator=D2(DIOM7959X265N)
Add component (AddParameter): Name = "Check_prices"; Value = "https://www.snapeda.com/parts/SS34/Onsemi/view-part/?ref=eda"; VariantName = "[No Variations]"
Add component (AddParameter): Name = "MF"; Value = "onsemi"; VariantName = "[No Variations]"
Add component (AddParameter): Name = "MP"; Value = "SS34"; VariantName = "[No Variations]"
Add component (AddParameter): Name = "Package"; Value = "SMC-2 ON Semiconductor"; VariantName = "[No Variations]"
Add component (AddParameter): Name = "SnapEDA_Link"; Value = "https://www.snapeda.com/parts/SS34/Onsemi/view-part/?ref=snap"; VariantName = "[No Variations]"
Add component (AddParameter): Name = "Value"; Value = ""; VariantName = "[No Variations]"
Added Pin To Net: NetName=5V-SWITCHING Pin=D1-A
Added Pin To Net: NetName=5V Pin=D1-C
Added Pin To Net: NetName=5V-USB Pin=D2-A
Added Pin To Net: NetName=5V Pin=D2-C
Added Member To Class: ClassName=Schematic Member=Component D1 SS34
Added Member To Class: ClassName=Schematic Member=Component D2 SS34
