Removed Pin From Net: NetName=IN2 Pin=U11-4
Removed Pin From Net: NetName=IN1 Pin=U15-4
Change Component Comment : Designator=R28 Old Comment=10K New Comment=666
Change Component Comment : Designator=R29 Old Comment=10K New Comment=666
Change Component Description : Designator=U8 Old Description=–£—Å–∏–ª–∏—Ç–µ–ª—å –∏–Ω—Å—Ç—Ä—É–º–µ–Ω—Ç–æ–≤–∫–∏ 1 – New Description=–£—Å–∏–ª–∏—Ç–µ–ª—å –∏–Ω—Å—Ç—Ä—É–º–µ–Ω—Ç–æ–≤–∫–∏ 1 –|–µ–ø—å Rail-to-Rail 8-MSOP
Change Component Description : Designator=U13 Old Description=–£—Å–∏–ª–∏—Ç–µ–ª—å –∏–Ω—Å—Ç—Ä—É–º–µ–Ω—Ç–æ–≤–∫–∏ 1 – New Description=–£—Å–∏–ª–∏—Ç–µ–ª—å –∏–Ω—Å—Ç—Ä—É–º–µ–Ω—Ç–æ–≤–∫–∏ 1 –|–µ–ø—å Rail-to-Rail 8-MSOP
Change Component Description : Designator=U14 Old Description=–£—Å–∏–ª–∏—Ç–µ–ª—å –∏–Ω—Å—Ç—Ä—É–º–µ–Ω—Ç–æ–≤–∫–∏ 1 – New Description=–£—Å–∏–ª–∏—Ç–µ–ª—å –∏–Ω—Å—Ç—Ä—É–º–µ–Ω—Ç–æ–≤–∫–∏ 1 –|–µ–ø—å Rail-to-Rail 8-MSOP
Change component parameters: Designator = "R28" ("R28"); Footprint = "R SMD 0805"; UniqueID = "\NGVGCNCJ" ("\NGVGCNCJ")
Change component parameters (AddParameter): Name = "Code_IPC"; Value = "2012 [0805]"; VariantName = "[No Variations]"
Change component parameters (AddParameter): Name = "ComponentLink1Description"; Value = "Manufacturer Link"; VariantName = "[No Variations]"
Change component parameters (AddParameter): Name = "ComponentLink1URL"; Value = "http://www.panasonic.com/industrial/components/resistive_products.htm"; VariantName = "[No Variations]"
Change component parameters (AddParameter): Name = "ComponentLink2Description"; Value = "Datasheet"; VariantName = "[No Variations]"
Change component parameters (AddParameter): Name = "ComponentLink2URL"; Value = "http://www.panasonic.com/industrial/components/pdf/AOF0000CE1.pdf"; VariantName = "[No Variations]"
Change component parameters (AddParameter): Name = "LatestRevisionDate"; Value = "19-Mar-2004"; VariantName = "[No Variations]"
Change component parameters (AddParameter): Name = "LatestRevisionNote"; Value = "Silkscreen size reduced."; VariantName = "[No Variations]"
Change component parameters (AddParameter): Name = "Note"; Value = "If flow soldering, adjust pad width of PCB Footprint to 0.7 - 0.8 times the width of the resistor."; VariantName = "[No Variations]"
Change component parameters (AddParameter): Name = "PackageDocument"; Value = "Mar-2003"; VariantName = "[No Variations]"
Change component parameters (AddParameter): Name = "PackageReference"; Value = "ERA-0805"; VariantName = "[No Variations]"
Change component parameters (AddParameter): Name = "Published"; Value = "17-Dec-2003"; VariantName = "[No Variations]"
Change component parameters (AddParameter): Name = "Publisher"; Value = "Altium Limited"; VariantName = "[No Variations]"
Change component parameters (AddParameter): Name = "value"; Value = "666"; VariantName = "[No Variations]"
Change component parameters: Designator = "R29" ("R29"); Footprint = "R SMD 0805"; UniqueID = "\ENXAIRFZ" ("\ENXAIRFZ")
Change component parameters (AddParameter): Name = "Code_IPC"; Value = "2012 [0805]"; VariantName = "[No Variations]"
Change component parameters (AddParameter): Name = "ComponentLink1Description"; Value = "Manufacturer Link"; VariantName = "[No Variations]"
Change component parameters (AddParameter): Name = "ComponentLink1URL"; Value = "http://www.panasonic.com/industrial/components/resistive_products.htm"; VariantName = "[No Variations]"
Change component parameters (AddParameter): Name = "ComponentLink2Description"; Value = "Datasheet"; VariantName = "[No Variations]"
Change component parameters (AddParameter): Name = "ComponentLink2URL"; Value = "http://www.panasonic.com/industrial/components/pdf/AOF0000CE1.pdf"; VariantName = "[No Variations]"
Change component parameters (AddParameter): Name = "LatestRevisionDate"; Value = "19-Mar-2004"; VariantName = "[No Variations]"
Change component parameters (AddParameter): Name = "LatestRevisionNote"; Value = "Silkscreen size reduced."; VariantName = "[No Variations]"
Change component parameters (AddParameter): Name = "Note"; Value = "If flow soldering, adjust pad width of PCB Footprint to 0.7 - 0.8 times the width of the resistor."; VariantName = "[No Variations]"
Change component parameters (AddParameter): Name = "PackageDocument"; Value = "Mar-2003"; VariantName = "[No Variations]"
Change component parameters (AddParameter): Name = "PackageReference"; Value = "ERA-0805"; VariantName = "[No Variations]"
Change component parameters (AddParameter): Name = "Published"; Value = "17-Dec-2003"; VariantName = "[No Variations]"
Change component parameters (AddParameter): Name = "Publisher"; Value = "Altium Limited"; VariantName = "[No Variations]"
Change component parameters (AddParameter): Name = "value"; Value = "666"; VariantName = "[No Variations]"
Added Component: Designator=C66(C0805)
Add component (AddParameter): Name = "LatestRevisionDate"; Value = "17-Jul-2002"; VariantName = "[No Variations]"
Add component (AddParameter): Name = "LatestRevisionNote"; Value = "Re-released for DXP Platform."; VariantName = "[No Variations]"
Add component (AddParameter): Name = "PackageDescription"; Value = "Radial Cap, Thru-Hole; 2 Leads; 0.3 in Pin Spacing"; VariantName = "[No Variations]"
Add component (AddParameter): Name = "PackageReference"; Value = "RAD-0.3"; VariantName = "[No Variations]"
Add component (AddParameter): Name = "Published"; Value = "8-Jun-2000"; VariantName = "[No Variations]"
Add component (AddParameter): Name = "Publisher"; Value = "Altium Limited"; VariantName = "[No Variations]"
Add component (AddParameter): Name = "Value"; Value = "100nF"; VariantName = "[No Variations]"
Added Component: Designator=U(SOIC127P599X175-8N)
Add component (AddParameter): Name = "Availability"; Value = "Unavailable"; VariantName = "[No Variations]"
Add component (AddParameter): Name = "MF"; Value = "Texas Instruments"; VariantName = "[No Variations]"
Add component (AddParameter): Name = "MP"; Value = "LM2904DR"; VariantName = "[No Variations]"
Add component (AddParameter): Name = "Package"; Value = "SOIC-8 Texas Instruments"; VariantName = "[No Variations]"
Add component (AddParameter): Name = "Price"; Value = "None"; VariantName = "[No Variations]"
Add component (AddParameter): Name = "SnapEDA_Link"; Value = "https://www.snapeda.com/parts/LM2904DR/Texas%20Instruments/view-part/105730/?ref=snap"; VariantName = "[No Variations]"
Add component (AddParameter): Name = "Value"; Value = ""; VariantName = "[No Variations]"
Added Pin To Net: NetName=12V Pin=C66-1
Added Pin To Net: NetName=GND Pin=C66-2
Added Pin To Net: NetName=IN1 Pin=U-3
Added Pin To Net: NetName=GND Pin=U-4
Added Pin To Net: NetName=IN2 Pin=U-5
Added Pin To Net: NetName=12V Pin=U-8
Added Pin To Net: NetName=NetU11_4 Pin=U-6
Added Pin To Net: NetName=NetU11_4 Pin=U-7
Added Pin To Net: NetName=NetU11_4 Pin=U11-4
Added Net: Name=NetU11_4
Added Pin To Net: NetName=NetU15_4 Pin=U-1
Added Pin To Net: NetName=NetU15_4 Pin=U-2
Added Pin To Net: NetName=NetU15_4 Pin=U15-4
Added Net: Name=NetU15_4
Added Member To Class: ClassName=Schematic Member=Component C66 Cap
Added Member To Class: ClassName=Schematic Member=Component U LM2904DR
